[1117/065616.027:ERROR:process_memory_win.cc(73)] ReadMemory at 0x1a678d43740 of 72 bytes failed: Only part of a ReadProcessMemory or WriteProcessMemory request was completed. (0x12B)
[1117/065616.332:WARNING:pe_image_annotations_reader.cc(134)] could not read annotations list object in C:\Program Files (x86)\Google\Chrome\Application\78.0.3904.97\chrome_elf.dll
[1117/065616.332:ERROR:process_memory_win.cc(73)] ReadMemory at 0x1a6790b91e0 of 72 bytes failed: Only part of a ReadProcessMemory or WriteProcessMemory request was completed. (0x12B)
[1117/065616.332:WARNING:pe_image_annotations_reader.cc(134)] could not read annotations list object in C:\Program Files (x86)\Google\Chrome\Application\78.0.3904.97\chrome_child.dll
[1117/065616.334:ERROR:process_memory_win.cc(73)] ReadMemory at 0x1a678d43740 of 72 bytes failed: Only part of a ReadProcessMemory or WriteProcessMemory request was completed. (0x12B)
[1117/065616.334:WARNING:pe_image_annotations_reader.cc(134)] could not read annotations list object in C:\Program Files (x86)\Google\Chrome\Application\78.0.3904.97\chrome_elf.dll
[1117/065616.334:ERROR:process_memory_win.cc(73)] ReadMemory at 0x1a6790b91e0 of 72 bytes failed: Only part of a ReadProcessMemory or WriteProcessMemory request was completed. (0x12B)
[1117/065616.334:WARNING:pe_image_annotations_reader.cc(134)] could not read annotations list object in C:\Program Files (x86)\Google\Chrome\Application\78.0.3904.97\chrome_child.dll
[1117/065616.401:ERROR:process_memory_win.cc(73)] ReadMemory at 0x6f9ede5000 of 110592 bytes failed: Only part of a ReadProcessMemory or WriteProcessMemory request was completed. (0x12B)
[1117/065616.479:ERROR:process_memory_win.cc(73)] ReadMemory at 0x6f9f5fd000 of 12288 bytes failed: Only part of a ReadProcessMemory or WriteProcessMemory request was completed. (0x12B)
[1117/065616.480:ERROR:process_memory_win.cc(73)] ReadMemory at 0x6fa05fd000 of 12288 bytes failed: Only part of a ReadProcessMemory or WriteProcessMemory request was completed. (0x12B)
[1117/065616.480:ERROR:process_memory_win.cc(73)] ReadMemory at 0x6fa0dfb000 of 20480 bytes failed: Only part of a ReadProcessMemory or WriteProcessMemory request was completed. (0x12B)
[1117/065616.480:ERROR:process_memory_win.cc(73)] ReadMemory at 0x6fa15ff000 of 4096 bytes failed: Only part of a ReadProcessMemory or WriteProcessMemory request was completed. (0x12B)
[1117/065616.480:ERROR:process_memory_win.cc(73)] ReadMemory at 0x6fa1dfc000 of 16384 bytes failed: Only part of a ReadProcessMemory or WriteProcessMemory request was completed. (0x12B)
[1117/065616.480:ERROR:process_memory_win.cc(73)] ReadMemory at 0x6fa25fb000 of 20480 bytes failed: Only part of a ReadProcessMemory or WriteProcessMemory request was completed. (0x12B)
[1117/065616.481:ERROR:process_memory_win.cc(73)] ReadMemory at 0x6fa35f4000 of 49152 bytes failed: Only part of a ReadProcessMemory or WriteProcessMemory request was completed. (0x12B)
[1117/065616.481:ERROR:process_memory_win.cc(73)] ReadMemory at 0x6fa3dfd000 of 12288 bytes failed: Only part of a ReadProcessMemory or WriteProcessMemory request was completed. (0x12B)
[1117/065616.481:ERROR:process_memory_win.cc(73)] ReadMemory at 0x6fa55fb000 of 20480 bytes failed: Only part of a ReadProcessMemory or WriteProcessMemory request was completed. (0x12B)
[1117/065616.481:ERROR:process_memory_win.cc(73)] ReadMemory at 0x6fa5dee000 of 73728 bytes failed: Only part of a ReadProcessMemory or WriteProcessMemory request was completed. (0x12B)
[1117/065616.482:ERROR:process_memory_win.cc(73)] ReadMemory at 0x6fa65fd000 of 12288 bytes failed: Only part of a ReadProcessMemory or WriteProcessMemory request was completed. (0x12B)
[1117/065616.482:ERROR:process_memory_win.cc(73)] ReadMemory at 0x6fa2dfd000 of 12288 bytes failed: Only part of a ReadProcessMemory or WriteProcessMemory request was completed. (0x12B)
[1117/065616.482:ERROR:process_memory_win.cc(73)] ReadMemory at 0x6f9fdfd000 of 12288 bytes failed: Only part of a ReadProcessMemory or WriteProcessMemory request was completed. (0x12B)
[1117/065616.482:ERROR:process_memory_win.cc(73)] ReadMemory at 0x6fa45fd000 of 12288 bytes failed: Only part of a ReadProcessMemory or WriteProcessMemory request was completed. (0x12B)
[1117/065616.483:ERROR:process_memory_win.cc(73)] ReadMemory at 0x6fa4dfd000 of 12288 bytes failed: Only part of a ReadProcessMemory or WriteProcessMemory request was completed. (0x12B)
[1117/065616.483:ERROR:process_memory_win.cc(73)] ReadMemory at 0x6fa6dff000 of 4096 bytes failed: Only part of a ReadProcessMemory or WriteProcessMemory request was completed. (0x12B)
[1117/065616.483:ERROR:process_memory_win.cc(73)] ReadMemory at 0x6f9e47e000 of 852 bytes failed: Only part of a ReadProcessMemory or WriteProcessMemory request was completed. (0x12B)
[1117/065616.483:ERROR:process_memory_win.cc(73)] ReadMemory at 0x6f9e47f000 of 6024 bytes failed: Only part of a ReadProcessMemory or WriteProcessMemory request was completed. (0x12B)
[1117/065616.483:ERROR:process_memory_win.cc(73)] ReadMemory at 0x6f9e481000 of 6024 bytes failed: Only part of a ReadProcessMemory or WriteProcessMemory request was completed. (0x12B)
[1117/065616.483:ERROR:process_memory_win.cc(73)] ReadMemory at 0x6f9e485000 of 6024 bytes failed: Only part of a ReadProcessMemory or WriteProcessMemory request was completed. (0x12B)
[1117/065616.484:ERROR:process_memory_win.cc(73)] ReadMemory at 0x6f9e487000 of 6024 bytes failed: Only part of a ReadProcessMemory or WriteProcessMemory request was completed. (0x12B)
[1117/065616.484:ERROR:process_memory_win.cc(73)] ReadMemory at 0x6f9e489000 of 6024 bytes failed: Only part of a ReadProcessMemory or WriteProcessMemory request was completed. (0x12B)
[1117/065616.484:ERROR:process_memory_win.cc(73)] ReadMemory at 0x6f9e48b000 of 6024 bytes failed: Only part of a ReadProcessMemory or WriteProcessMemory request was completed. (0x12B)
[1117/065616.484:ERROR:process_memory_win.cc(73)] ReadMemory at 0x6f9e48d000 of 6024 bytes failed: Only part of a ReadProcessMemory or WriteProcessMemory request was completed. (0x12B)
[1117/065616.484:ERROR:process_memory_win.cc(73)] ReadMemory at 0x6f9e491000 of 6024 bytes failed: Only part of a ReadProcessMemory or WriteProcessMemory request was completed. (0x12B)
[1117/065616.485:ERROR:process_memory_win.cc(73)] ReadMemory at 0x6f9e493000 of 6024 bytes failed: Only part of a ReadProcessMemory or WriteProcessMemory request was completed. (0x12B)
[1117/065616.485:ERROR:process_memory_win.cc(73)] ReadMemory at 0x6f9e4ff000 of 6024 bytes failed: Only part of a ReadProcessMemory or WriteProcessMemory request was completed. (0x12B)
[1117/065616.485:ERROR:process_memory_win.cc(73)] ReadMemory at 0x6f9e501000 of 6024 bytes failed: Only part of a ReadProcessMemory or WriteProcessMemory request was completed. (0x12B)
[1117/065616.485:ERROR:process_memory_win.cc(73)] ReadMemory at 0x6f9e503000 of 6024 bytes failed: Only part of a ReadProcessMemory or WriteProcessMemory request was completed. (0x12B)
[1117/065616.485:ERROR:process_memory_win.cc(73)] ReadMemory at 0x6f9e5d9000 of 6024 bytes failed: Only part of a ReadProcessMemory or WriteProcessMemory request was completed. (0x12B)
[1117/065616.486:ERROR:process_memory_win.cc(73)] ReadMemory at 0x6f9e5e3000 of 6024 bytes failed: Only part of a ReadProcessMemory or WriteProcessMemory request was completed. (0x12B)
[1117/065616.486:ERROR:process_memory_win.cc(73)] ReadMemory at 0x6f9e5e5000 of 6024 bytes failed: Only part of a ReadProcessMemory or WriteProcessMemory request was completed. (0x12B)
[1117/065616.486:ERROR:process_memory_win.cc(73)] ReadMemory at 0x6f9e5e7000 of 6024 bytes failed: Only part of a ReadProcessMemory or WriteProcessMemory request was completed. (0x12B)
[1117/065616.486:ERROR:process_memory_win.cc(73)] ReadMemory at 0x6f9e5e9000 of 6024 bytes failed: Only part of a ReadProcessMemory or WriteProcessMemory request was completed. (0x12B)
[1117/065616.486:ERROR:process_memory_win.cc(73)] ReadMemory at 0x1a6001995b8 of 512 bytes failed: Only part of a ReadProcessMemory or WriteProcessMemory request was completed. (0x12B)
[1117/065616.486:ERROR:process_memory_win.cc(73)] ReadMemory at 0x1a6004d4151 of 512 bytes failed: Only part of a ReadProcessMemory or WriteProcessMemory request was completed. (0x12B)
[1117/065616.487:ERROR:process_memory_win.cc(73)] ReadMemory at 0x1a600e0c7b0 of 512 bytes failed: Only part of a ReadProcessMemory or WriteProcessMemory request was completed. (0x12B)
[1117/065616.533:ERROR:process_memory_win.cc(73)] ReadMemory at 0x1a601056760 of 512 bytes failed: Only part of a ReadProcessMemory or WriteProcessMemory request was completed. (0x12B)
[1117/065616.533:ERROR:process_memory_win.cc(73)] ReadMemory at 0x1a60151e1d0 of 512 bytes failed: Only part of a ReadProcessMemory or WriteProcessMemory request was completed. (0x12B)
[1117/065616.534:ERROR:process_memory_win.cc(73)] ReadMemory at 0x1a601a60358 of 512 bytes failed: Only part of a ReadProcessMemory or WriteProcessMemory request was completed. (0x12B)
[1117/065616.591:ERROR:process_memory_win.cc(73)] ReadMemory at 0x1a678c10fe0 of 15926 bytes failed: Only part of a ReadProcessMemory or WriteProcessMemory request was completed. (0x12B)
[1117/065616.591:ERROR:process_memory_win.cc(73)] ReadMemory at 0x1a678c14e20 of 1012 bytes failed: Only part of a ReadProcessMemory or WriteProcessMemory request was completed. (0x12B)
[1117/065616.591:ERROR:process_memory_win.cc(73)] ReadMemory at 0x1a678c15448 of 118 bytes failed: Only part of a ReadProcessMemory or WriteProcessMemory request was completed. (0x12B)
[1117/065616.591:ERROR:process_memory_win.cc(73)] ReadMemory at 0x1a678c154c0 of 786 bytes failed: Only part of a ReadProcessMemory or WriteProcessMemory request was completed. (0x12B)
[1117/065616.591:ERROR:process_memory_win.cc(73)] ReadMemory at 0x1a678c157d4 of 118 bytes failed: Only part of a ReadProcessMemory or WriteProcessMemory request was completed. (0x12B)
[1117/065616.592:ERROR:process_memory_win.cc(73)] ReadMemory at 0x1a678c1584c of 96 bytes failed: Only part of a ReadProcessMemory or WriteProcessMemory request was completed. (0x12B)
[1117/065616.592:ERROR:process_memory_win.cc(73)] ReadMemory at 0x1a678c158c0 of 58 bytes failed: Only part of a ReadProcessMemory or WriteProcessMemory request was completed. (0x12B)
[1117/065616.592:ERROR:process_memory_win.cc(73)] ReadMemory at 0x1a678c159c0 of 132 bytes failed: Only part of a ReadProcessMemory or WriteProcessMemory request was completed. (0x12B)
[1117/065616.592:ERROR:process_memory_win.cc(73)] ReadMemory at 0x1a678c15b50 of 132 bytes failed: Only part of a ReadProcessMemory or WriteProcessMemory request was completed. (0x12B)
[1117/065616.592:ERROR:process_memory_win.cc(73)] ReadMemory at 0x1a678c15d10 of 124 bytes failed: Only part of a ReadProcessMemory or WriteProcessMemory request was completed. (0x12B)
[1117/065616.650:ERROR:process_memory_win.cc(73)] ReadMemory at 0x1a678c160f0 of 132 bytes failed: Only part of a ReadProcessMemory or WriteProcessMemory request was completed. (0x12B)
[1117/065616.650:ERROR:process_memory_win.cc(73)] ReadMemory at 0x1a678c16280 of 64 bytes failed: Only part of a ReadProcessMemory or WriteProcessMemory request was completed. (0x12B)
[1117/065616.650:ERROR:process_memory_win.cc(73)] ReadMemory at 0x1a678c162d0 of 132 bytes failed: Only part of a ReadProcessMemory or WriteProcessMemory request was completed. (0x12B)
[1117/065616.650:ERROR:process_memory_win.cc(73)] ReadMemory at 0x1a678c16440 of 132 bytes failed: Only part of a ReadProcessMemory or WriteProcessMemory request was completed. (0x12B)
[1117/065616.651:ERROR:process_memory_win.cc(73)] ReadMemory at 0x1a678c166e0 of 132 bytes failed: Only part of a ReadProcessMemory or WriteProcessMemory request was completed. (0x12B)
[1117/065616.651:ERROR:process_memory_win.cc(73)] ReadMemory at 0x1a678c16870 of 68 bytes failed: Only part of a ReadProcessMemory or WriteProcessMemory request was completed. (0x12B)
[1117/065616.690:ERROR:process_memory_win.cc(73)] ReadMemory at 0x1a678c17760 of 156 bytes failed: Only part of a ReadProcessMemory or WriteProcessMemory request was completed. (0x12B)
[1117/065616.710:ERROR:process_memory_win.cc(73)] ReadMemory at 0x1a678c17840 of 132 bytes failed: Only part of a ReadProcessMemory or WriteProcessMemory request was completed. (0x12B)
[1117/065616.711:ERROR:process_memory_win.cc(73)] ReadMemory at 0x1a678c179d0 of 152 bytes failed: Only part of a ReadProcessMemory or WriteProcessMemory request was completed. (0x12B)
[1117/065616.711:ERROR:process_memory_win.cc(73)] ReadMemory at 0x1a678c18500 of 132 bytes failed: Only part of a ReadProcessMemory or WriteProcessMemory request was completed. (0x12B)
[1117/065616.712:ERROR:process_memory_win.cc(73)] ReadMemory at 0x1a678c187e0 of 62 bytes failed: Only part of a ReadProcessMemory or WriteProcessMemory request was completed. (0x12B)
[1117/065616.712:ERROR:process_memory_win.cc(73)] ReadMemory at 0x1a678c18940 of 132 bytes failed: Only part of a ReadProcessMemory or WriteProcessMemory request was completed. (0x12B)
[1117/065616.712:ERROR:process_memory_win.cc(73)] ReadMemory at 0x1a678c18ad0 of 60 bytes failed: Only part of a ReadProcessMemory or WriteProcessMemory request was completed. (0x12B)
[1117/065616.713:ERROR:process_memory_win.cc(73)] ReadMemory at 0x1a678c1d230 of 132 bytes failed: Only part of a ReadProcessMemory or WriteProcessMemory request was completed. (0x12B)
[1117/065616.714:ERROR:process_memory_win.cc(73)] ReadMemory at 0x1a678c1d3c0 of 80 bytes failed: Only part of a ReadProcessMemory or WriteProcessMemory request was completed. (0x12B)
[1117/065616.714:ERROR:process_memory_win.cc(73)] ReadMemory at 0x1a678c1d590 of 132 bytes failed: Only part of a ReadProcessMemory or WriteProcessMemory request was completed. (0x12B)
[1117/065616.714:ERROR:process_memory_win.cc(73)] ReadMemory at 0x1a678c1de30 of 60 bytes failed: Only part of a ReadProcessMemory or WriteProcessMemory request was completed. (0x12B)
[1117/065616.714:ERROR:process_memory_win.cc(73)] ReadMemory at 0x1a678c1ded0 of 62 bytes failed: Only part of a ReadProcessMemory or WriteProcessMemory request was completed. (0x12B)
[1117/065616.715:ERROR:process_memory_win.cc(73)] ReadMemory at 0x1a678c1df20 of 60 bytes failed: Only part of a ReadProcessMemory or WriteProcessMemory request was completed. (0x12B)
[1117/065616.715:ERROR:process_memory_win.cc(73)] ReadMemory at 0x1a678c1df70 of 64 bytes failed: Only part of a ReadProcessMemory or WriteProcessMemory request was completed. (0x12B)
[1117/065616.878:ERROR:process_memory_win.cc(73)] ReadMemory at 0x1a678c1e100 of 62 bytes failed: Only part of a ReadProcessMemory or WriteProcessMemory request was completed. (0x12B)
[1117/065616.879:ERROR:process_memory_win.cc(73)] ReadMemory at 0x1a678c1e290 of 64 bytes failed: Only part of a ReadProcessMemory or WriteProcessMemory request was completed. (0x12B)
[1117/065616.879:ERROR:process_memory_win.cc(73)] ReadMemory at 0x1a678c1e330 of 64 bytes failed: Only part of a ReadProcessMemory or WriteProcessMemory request was completed. (0x12B)
[1117/065616.880:ERROR:process_memory_win.cc(73)] ReadMemory at 0x1a678c1e3d0 of 66 bytes failed: Only part of a ReadProcessMemory or WriteProcessMemory request was completed. (0x12B)
[1117/065616.880:ERROR:process_memory_win.cc(73)] ReadMemory at 0x1a678c1e470 of 64 bytes failed: Only part of a ReadProcessMemory or WriteProcessMemory request was completed. (0x12B)
[1117/065616.881:ERROR:process_memory_win.cc(73)] ReadMemory at 0x1a678c1e550 of 62 bytes failed: Only part of a ReadProcessMemory or WriteProcessMemory request was completed. (0x12B)
[1117/065616.881:ERROR:process_memory_win.cc(73)] ReadMemory at 0x1a678c1e5a0 of 62 bytes failed: Only part of a ReadProcessMemory or WriteProcessMemory request was completed. (0x12B)
[1117/065616.882:ERROR:process_memory_win.cc(73)] ReadMemory at 0x1a678c1e5f0 of 62 bytes failed: Only part of a ReadProcessMemory or WriteProcessMemory request was completed. (0x12B)
[1117/065616.882:ERROR:process_memory_win.cc(73)] ReadMemory at 0x1a678c1e640 of 60 bytes failed: Only part of a ReadProcessMemory or WriteProcessMemory request was completed. (0x12B)
[1117/065616.928:ERROR:process_memory_win.cc(73)] ReadMemory at 0x1a678c1e690 of 62 bytes failed: Only part of a ReadProcessMemory or WriteProcessMemory request was completed. (0x12B)
[1117/065616.928:ERROR:process_memory_win.cc(73)] ReadMemory at 0x1a678c1e8c0 of 62 bytes failed: Only part of a ReadProcessMemory or WriteProcessMemory request was completed. (0x12B)
[1117/065616.929:ERROR:process_memory_win.cc(73)] ReadMemory at 0x1a678c1e960 of 66 bytes failed: Only part of a ReadProcessMemory or WriteProcessMemory request was completed. (0x12B)
[1117/065616.930:ERROR:process_memory_win.cc(73)] ReadMemory at 0x1a678c1ecd0 of 64 bytes failed: Only part of a ReadProcessMemory or WriteProcessMemory request was completed. (0x12B)
[1117/065616.930:ERROR:process_memory_win.cc(73)] ReadMemory at 0x1a678c1ed20 of 58 bytes failed: Only part of a ReadProcessMemory or WriteProcessMemory request was completed. (0x12B)
[1117/065616.930:ERROR:process_memory_win.cc(73)] ReadMemory at 0x1a678c1ee10 of 60 bytes failed: Only part of a ReadProcessMemory or WriteProcessMemory request was completed. (0x12B)
[1117/065616.931:ERROR:process_memory_win.cc(73)] ReadMemory at 0x1a678c1ee60 of 64 bytes failed: Only part of a ReadProcessMemory or WriteProcessMemory request was completed. (0x12B)
[1117/065616.931:ERROR:process_memory_win.cc(73)] ReadMemory at 0x1a678c1eeb0 of 64 bytes failed: Only part of a ReadProcessMemory or WriteProcessMemory request was completed. (0x12B)
[1117/065616.931:ERROR:process_memory_win.cc(73)] ReadMemory at 0x1a678c1ef50 of 64 bytes failed: Only part of a ReadProcessMemory or WriteProcessMemory request was completed. (0x12B)
[1117/065616.932:ERROR:process_memory_win.cc(73)] ReadMemory at 0x1a678c1efa0 of 62 bytes failed: Only part of a ReadProcessMemory or WriteProcessMemory request was completed. (0x12B)
[1117/065616.932:ERROR:process_memory_win.cc(73)] ReadMemory at 0x1a678c1f090 of 60 bytes failed: Only part of a ReadProcessMemory or WriteProcessMemory request was completed. (0x12B)
[1117/065616.932:ERROR:process_memory_win.cc(73)] ReadMemory at 0x1a678c1f360 of 60 bytes failed: Only part of a ReadProcessMemory or WriteProcessMemory request was completed. (0x12B)
[1117/065616.933:ERROR:process_memory_win.cc(73)] ReadMemory at 0x1a678c1f3b0 of 62 bytes failed: Only part of a ReadProcessMemory or WriteProcessMemory request was completed. (0x12B)
[1117/065616.934:ERROR:process_memory_win.cc(73)] ReadMemory at 0x1a678c1f400 of 62 bytes failed: Only part of a ReadProcessMemory or WriteProcessMemory request was completed. (0x12B)
[1117/065616.934:ERROR:process_memory_win.cc(73)] ReadMemory at 0x1a678c214e0 of 132 bytes failed: Only part of a ReadProcessMemory or WriteProcessMemory request was completed. (0x12B)
[1117/065616.935:ERROR:process_memory_win.cc(73)] ReadMemory at 0x1a678c21890 of 132 bytes failed: Only part of a ReadProcessMemory or WriteProcessMemory request was completed. (0x12B)
[1117/065616.935:ERROR:process_memory_win.cc(73)] ReadMemory at 0x1a678c22ef0 of 54 bytes failed: Only part of a ReadProcessMemory or WriteProcessMemory request was completed. (0x12B)
[1117/065616.935:ERROR:process_memory_win.cc(73)] ReadMemory at 0x1a678c23bc0 of 132 bytes failed: Only part of a ReadProcessMemory or WriteProcessMemory request was completed. (0x12B)
[1117/065616.936:ERROR:process_memory_win.cc(73)] ReadMemory at 0x1a678c23cf0 of 132 bytes failed: Only part of a ReadProcessMemory or WriteProcessMemory request was completed. (0x12B)
[1117/065616.936:ERROR:process_memory_win.cc(73)] ReadMemory at 0x1a678c23e20 of 132 bytes failed: Only part of a ReadProcessMemory or WriteProcessMemory request was completed. (0x12B)
[1117/065616.937:ERROR:process_memory_win.cc(73)] ReadMemory at 0x1a678c23f50 of 132 bytes failed: Only part of a ReadProcessMemory or WriteProcessMemory request was completed. (0x12B)
[1117/065616.937:ERROR:process_memory_win.cc(73)] ReadMemory at 0x1a678c24080 of 132 bytes failed: Only part of a ReadProcessMemory or WriteProcessMemory request was completed. (0x12B)
[1117/065616.937:ERROR:process_memory_win.cc(73)] ReadMemory at 0x1a678c241b0 of 132 bytes failed: Only part of a ReadProcessMemory or WriteProcessMemory request was completed. (0x12B)
[1117/065616.938:ERROR:process_memory_win.cc(73)] ReadMemory at 0x1a678c242e0 of 132 bytes failed: Only part of a ReadProcessMemory or WriteProcessMemory request was completed. (0x12B)
[1117/065617.028:ERROR:process_memory_win.cc(73)] ReadMemory at 0x1a678c24540 of 132 bytes failed: Only part of a ReadProcessMemory or WriteProcessMemory request was completed. (0x12B)
[1117/065617.029:ERROR:process_memory_win.cc(73)] ReadMemory at 0x1a678c24670 of 132 bytes failed: Only part of a ReadProcessMemory or WriteProcessMemory request was completed. (0x12B)
[1117/065617.032:ERROR:process_memory_win.cc(73)] ReadMemory at 0x1a678c247a0 of 132 bytes failed: Only part of a ReadProcessMemory or WriteProcessMemory request was completed. (0x12B)
[1117/065617.032:ERROR:process_memory_win.cc(73)] ReadMemory at 0x1a678c248d0 of 132 bytes failed: Only part of a ReadProcessMemory or WriteProcessMemory request was completed. (0x12B)
[1117/065617.033:ERROR:process_memory_win.cc(73)] ReadMemory at 0x1a678c24a00 of 132 bytes failed: Only part of a ReadProcessMemory or WriteProcessMemory request was completed. (0x12B)
[1117/065617.121:ERROR:process_memory_win.cc(73)] ReadMemory at 0x1a678c256c0 of 132 bytes failed: Only part of a ReadProcessMemory or WriteProcessMemory request was completed. (0x12B)
[1117/065617.121:ERROR:process_memory_win.cc(73)] ReadMemory at 0x1a678c280c0 of 132 bytes failed: Only part of a ReadProcessMemory or WriteProcessMemory request was completed. (0x12B)
[1117/065617.121:ERROR:process_memory_win.cc(73)] ReadMemory at 0x1a678c28330 of 132 bytes failed: Only part of a ReadProcessMemory or WriteProcessMemory request was completed. (0x12B)
[1117/065617.122:ERROR:process_memory_win.cc(73)] ReadMemory at 0x1a678c28540 of 132 bytes failed: Only part of a ReadProcessMemory or WriteProcessMemory request was completed. (0x12B)
[1117/065617.122:ERROR:process_memory_win.cc(73)] ReadMemory at 0x1a678c2a720 of 76 bytes failed: Only part of a ReadProcessMemory or WriteProcessMemory request was completed. (0x12B)
[1117/065617.123:ERROR:process_memory_win.cc(73)] ReadMemory at 0x1a678c2c740 of 132 bytes failed: Only part of a ReadProcessMemory or WriteProcessMemory request was completed. (0x12B)
[1117/065617.123:ERROR:process_memory_win.cc(73)] ReadMemory at 0x1a678c2c870 of 132 bytes failed: Only part of a ReadProcessMemory or WriteProcessMemory request was completed. (0x12B)
[1117/065617.124:ERROR:process_memory_win.cc(73)] ReadMemory at 0x1a678c2c9a0 of 132 bytes failed: Only part of a ReadProcessMemory or WriteProcessMemory request was completed. (0x12B)
[1117/065617.124:ERROR:process_memory_win.cc(73)] ReadMemory at 0x1a678c2cd30 of 132 bytes failed: Only part of a ReadProcessMemory or WriteProcessMemory request was completed. (0x12B)
[1117/065617.124:ERROR:process_memory_win.cc(73)] ReadMemory at 0x1a678c2cf90 of 132 bytes failed: Only part of a ReadProcessMemory or WriteProcessMemory request was completed. (0x12B)
[1117/065617.125:ERROR:process_memory_win.cc(73)] ReadMemory at 0x1a678c2d7e0 of 132 bytes failed: Only part of a ReadProcessMemory or WriteProcessMemory request was completed. (0x12B)
[1117/065617.125:ERROR:process_memory_win.cc(73)] ReadMemory at 0x1a678c2d910 of 132 bytes failed: Only part of a ReadProcessMemory or WriteProcessMemory request was completed. (0x12B)
[1117/065617.125:ERROR:process_memory_win.cc(73)] ReadMemory at 0x1a678c2da40 of 132 bytes failed: Only part of a ReadProcessMemory or WriteProcessMemory request was completed. (0x12B)
[1117/065617.126:ERROR:process_memory_win.cc(73)] ReadMemory at 0x1a678c2dca0 of 132 bytes failed: Only part of a ReadProcessMemory or WriteProcessMemory request was completed. (0x12B)
[1117/065617.126:ERROR:process_memory_win.cc(73)] ReadMemory at 0x1a678c41df0 of 512 bytes failed: Only part of a ReadProcessMemory or WriteProcessMemory request was completed. (0x12B)
[1117/065617.127:ERROR:process_memory_win.cc(73)] ReadMemory at 0x1a678c42d40 of 512 bytes failed: Only part of a ReadProcessMemory or WriteProcessMemory request was completed. (0x12B)
[1117/065617.127:ERROR:process_memory_win.cc(73)] ReadMemory at 0x1a678c43f50 of 512 bytes failed: Only part of a ReadProcessMemory or WriteProcessMemory request was completed. (0x12B)
[1117/065617.128:ERROR:process_memory_win.cc(73)] ReadMemory at 0x1a678d34f60 of 544 bytes failed: Only part of a ReadProcessMemory or WriteProcessMemory request was completed. (0x12B)
[1117/065617.128:ERROR:process_memory_win.cc(73)] ReadMemory at 0x1a6790f8da0 of 512 bytes failed: Only part of a ReadProcessMemory or WriteProcessMemory request was completed. (0x12B)
[1117/065617.128:ERROR:process_memory_win.cc(73)] ReadMemory at 0x1a679130b90 of 712 bytes failed: Only part of a ReadProcessMemory or WriteProcessMemory request was completed. (0x12B)
[1117/065617.129:ERROR:process_memory_win.cc(73)] ReadMemory at 0x1a679131b18 of 512 bytes failed: Only part of a ReadProcessMemory or WriteProcessMemory request was completed. (0x12B)
[1117/065617.130:ERROR:process_memory_win.cc(73)] ReadMemory at 0x1a679132e38 of 512 bytes failed: Only part of a ReadProcessMemory or WriteProcessMemory request was completed. (0x12B)
[1117/065617.130:ERROR:process_memory_win.cc(73)] ReadMemory at 0x1a6791641c0 of 608 bytes failed: Only part of a ReadProcessMemory or WriteProcessMemory request was completed. (0x12B)
[1117/065617.130:ERROR:process_memory_win.cc(73)] ReadMemory at 0x1a67c65cfe0 of 512 bytes failed: Only part of a ReadProcessMemory or WriteProcessMemory request was completed. (0x12B)
[1117/065617.131:ERROR:process_memory_win.cc(73)] ReadMemory at 0x1a67c7882b0 of 512 bytes failed: Only part of a ReadProcessMemory or WriteProcessMemory request was completed. (0x12B)
[1117/065617.131:ERROR:process_memory_win.cc(73)] ReadMemory at 0x1a67ca7d540 of 512 bytes failed: Only part of a ReadProcessMemory or WriteProcessMemory request was completed. (0x12B)
[1117/065617.132:ERROR:process_memory_win.cc(73)] ReadMemory at 0x1a67ce1ccd0 of 512 bytes failed: Only part of a ReadProcessMemory or WriteProcessMemory request was completed. (0x12B)
[1117/065617.132:ERROR:process_memory_win.cc(73)] ReadMemory at 0x1a67d749890 of 512 bytes failed: Only part of a ReadProcessMemory or WriteProcessMemory request was completed. (0x12B)
[1117/065617.132:ERROR:process_memory_win.cc(73)] ReadMemory at 0x1a67d9cb810 of 512 bytes failed: Only part of a ReadProcessMemory or WriteProcessMemory request was completed. (0x12B)
[1117/065617.133:ERROR:process_memory_win.cc(73)] ReadMemory at 0x1a67d9cba50 of 512 bytes failed: Only part of a ReadProcessMemory or WriteProcessMemory request was completed. (0x12B)
[1117/065617.133:ERROR:process_memory_win.cc(73)] ReadMemory at 0x1a67d9cc3b0 of 512 bytes failed: Only part of a ReadProcessMemory or WriteProcessMemory request was completed. (0x12B)
[1117/065617.168:ERROR:process_memory_win.cc(73)] ReadMemory at 0x1a67db9c990 of 512 bytes failed: Only part of a ReadProcessMemory or WriteProcessMemory request was completed. (0x12B)
[1117/065617.168:ERROR:process_memory_win.cc(73)] ReadMemory at 0xef4271ecf50 of 512 bytes failed: Only part of a ReadProcessMemory or WriteProcessMemory request was completed. (0x12B)
[1117/065617.168:ERROR:process_memory_win.cc(73)] ReadMemory at 0x36ba578d0800 of 512 bytes failed: Only part of a ReadProcessMemory or WriteProcessMemory request was completed. (0x12B)
[1117/065617.176:ERROR:scoped_process_suspend.cc(40)] NtResumeProcess: An attempt was made to access an exiting process. (0xc000010a)
[1203/185740.298:ERROR:process_memory_win.cc(73)] ReadMemory at 0x1ad078c3740 of 72 bytes failed: Only part of a ReadProcessMemory or WriteProcessMemory request was completed. (0x12B)
[1203/185740.906:WARNING:pe_image_annotations_reader.cc(134)] could not read annotations list object in C:\Program Files (x86)\Google\Chrome\Application\78.0.3904.108\chrome_elf.dll
[1203/185740.906:ERROR:process_memory_win.cc(73)] ReadMemory at 0x1ad078e9610 of 72 bytes failed: Only part of a ReadProcessMemory or WriteProcessMemory request was completed. (0x12B)
[1203/185740.906:WARNING:pe_image_annotations_reader.cc(134)] could not read annotations list object in C:\Program Files (x86)\Google\Chrome\Application\78.0.3904.108\chrome_child.dll
[1203/185740.908:ERROR:process_memory_win.cc(73)] ReadMemory at 0x1ad078c3740 of 72 bytes failed: Only part of a ReadProcessMemory or WriteProcessMemory request was completed. (0x12B)
[1203/185740.908:WARNING:pe_image_annotations_reader.cc(134)] could not read annotations list object in C:\Program Files (x86)\Google\Chrome\Application\78.0.3904.108\chrome_elf.dll
[1203/185740.908:ERROR:process_memory_win.cc(73)] ReadMemory at 0x1ad078e9610 of 72 bytes failed: Only part of a ReadProcessMemory or WriteProcessMemory request was completed. (0x12B)
[1203/185740.908:WARNING:pe_image_annotations_reader.cc(134)] could not read annotations list object in C:\Program Files (x86)\Google\Chrome\Application\78.0.3904.108\chrome_child.dll
[1203/185741.013:ERROR:process_memory_win.cc(73)] ReadMemory at 0x2ca5de6000 of 106496 bytes failed: Only part of a ReadProcessMemory or WriteProcessMemory request was completed. (0x12B)
[1203/185741.014:ERROR:process_memory_win.cc(73)] ReadMemory at 0x2ca65fd000 of 12288 bytes failed: Only part of a ReadProcessMemory or WriteProcessMemory request was completed. (0x12B)
[1203/185741.014:ERROR:process_memory_win.cc(73)] ReadMemory at 0x2ca75fc000 of 16384 bytes failed: Only part of a ReadProcessMemory or WriteProcessMemory request was completed. (0x12B)
[1203/185741.015:ERROR:process_memory_win.cc(73)] ReadMemory at 0x2ca7dfc000 of 16384 bytes failed: Only part of a ReadProcessMemory or WriteProcessMemory request was completed. (0x12B)
[1203/185741.015:ERROR:process_memory_win.cc(73)] ReadMemory at 0x2ca85ff000 of 4096 bytes failed: Only part of a ReadProcessMemory or WriteProcessMemory request was completed. (0x12B)
[1203/185741.015:ERROR:process_memory_win.cc(73)] ReadMemory at 0x2ca8dfd000 of 12288 bytes failed: Only part of a ReadProcessMemory or WriteProcessMemory request was completed. (0x12B)
[1203/185741.015:ERROR:process_memory_win.cc(73)] ReadMemory at 0x2ca95fb000 of 20480 bytes failed: Only part of a ReadProcessMemory or WriteProcessMemory request was completed. (0x12B)
[1203/185741.016:ERROR:process_memory_win.cc(73)] ReadMemory at 0x2ca9df4000 of 49152 bytes failed: Only part of a ReadProcessMemory or WriteProcessMemory request was completed. (0x12B)
[1203/185741.016:ERROR:process_memory_win.cc(73)] ReadMemory at 0x2caa5fd000 of 12288 bytes failed: Only part of a ReadProcessMemory or WriteProcessMemory request was completed. (0x12B)
[1203/185741.016:ERROR:process_memory_win.cc(73)] ReadMemory at 0x2ca6dfd000 of 12288 bytes failed: Only part of a ReadProcessMemory or WriteProcessMemory request was completed. (0x12B)
[1203/185741.016:ERROR:process_memory_win.cc(73)] ReadMemory at 0x2cab5fd000 of 12288 bytes failed: Only part of a ReadProcessMemory or WriteProcessMemory request was completed. (0x12B)
[1203/185741.016:ERROR:process_memory_win.cc(73)] ReadMemory at 0x2caadfe000 of 8192 bytes failed: Only part of a ReadProcessMemory or WriteProcessMemory request was completed. (0x12B)
[1203/185741.017:ERROR:process_memory_win.cc(73)] ReadMemory at 0x2ca5408000 of 6024 bytes failed: Only part of a ReadProcessMemory or WriteProcessMemory request was completed. (0x12B)
[1203/185741.017:ERROR:process_memory_win.cc(73)] ReadMemory at 0x2ca540c000 of 6024 bytes failed: Only part of a ReadProcessMemory or WriteProcessMemory request was completed. (0x12B)
[1203/185741.018:ERROR:process_memory_win.cc(73)] ReadMemory at 0x2ca54ea000 of 852 bytes failed: Only part of a ReadProcessMemory or WriteProcessMemory request was completed. (0x12B)
[1203/185741.018:ERROR:process_memory_win.cc(73)] ReadMemory at 0x2ca54eb000 of 6024 bytes failed: Only part of a ReadProcessMemory or WriteProcessMemory request was completed. (0x12B)
[1203/185741.019:ERROR:process_memory_win.cc(73)] ReadMemory at 0x2ca54ed000 of 6024 bytes failed: Only part of a ReadProcessMemory or WriteProcessMemory request was completed. (0x12B)
[1203/185741.019:ERROR:process_memory_win.cc(73)] ReadMemory at 0x2ca54f1000 of 6024 bytes failed: Only part of a ReadProcessMemory or WriteProcessMemory request was completed. (0x12B)
[1203/185741.019:ERROR:process_memory_win.cc(73)] ReadMemory at 0x2ca54f3000 of 6024 bytes failed: Only part of a ReadProcessMemory or WriteProcessMemory request was completed. (0x12B)
[1203/185741.020:ERROR:process_memory_win.cc(73)] ReadMemory at 0x2ca54f5000 of 6024 bytes failed: Only part of a ReadProcessMemory or WriteProcessMemory request was completed. (0x12B)
[1203/185741.020:ERROR:process_memory_win.cc(73)] ReadMemory at 0x2ca54f7000 of 6024 bytes failed: Only part of a ReadProcessMemory or WriteProcessMemory request was completed. (0x12B)
[1203/185741.020:ERROR:process_memory_win.cc(73)] ReadMemory at 0x2ca54f9000 of 6024 bytes failed: Only part of a ReadProcessMemory or WriteProcessMemory request was completed. (0x12B)
[1203/185741.020:ERROR:process_memory_win.cc(73)] ReadMemory at 0x2ca54fb000 of 6024 bytes failed: Only part of a ReadProcessMemory or WriteProcessMemory request was completed. (0x12B)
[1203/185741.020:ERROR:process_memory_win.cc(73)] ReadMemory at 0x2ca54fd000 of 6024 bytes failed: Only part of a ReadProcessMemory or WriteProcessMemory request was completed. (0x12B)
[1203/185741.021:ERROR:process_memory_win.cc(73)] ReadMemory at 0x2ca5505000 of 6024 bytes failed: Only part of a ReadProcessMemory or WriteProcessMemory request was completed. (0x12B)
[1203/185741.021:ERROR:process_memory_win.cc(73)] ReadMemory at 0x1ad07600fe0 of 16100 bytes failed: Only part of a ReadProcessMemory or WriteProcessMemory request was completed. (0x12B)
[1203/185741.021:ERROR:process_memory_win.cc(73)] ReadMemory at 0x1ad07604ed0 of 1012 bytes failed: Only part of a ReadProcessMemory or WriteProcessMemory request was completed. (0x12B)
[1203/185741.021:ERROR:process_memory_win.cc(73)] ReadMemory at 0x1ad076054f8 of 118 bytes failed: Only part of a ReadProcessMemory or WriteProcessMemory request was completed. (0x12B)
[1203/185741.021:ERROR:process_memory_win.cc(73)] ReadMemory at 0x1ad07605570 of 784 bytes failed: Only part of a ReadProcessMemory or WriteProcessMemory request was completed. (0x12B)
[1203/185741.021:ERROR:process_memory_win.cc(73)] ReadMemory at 0x1ad07605882 of 118 bytes failed: Only part of a ReadProcessMemory or WriteProcessMemory request was completed. (0x12B)
[1203/185741.022:ERROR:process_memory_win.cc(73)] ReadMemory at 0x1ad076058fa of 94 bytes failed: Only part of a ReadProcessMemory or WriteProcessMemory request was completed. (0x12B)
[1203/185741.022:ERROR:process_memory_win.cc(73)] ReadMemory at 0x1ad07605970 of 58 bytes failed: Only part of a ReadProcessMemory or WriteProcessMemory request was completed. (0x12B)
[1203/185741.022:ERROR:process_memory_win.cc(73)] ReadMemory at 0x1ad07605a70 of 132 bytes failed: Only part of a ReadProcessMemory or WriteProcessMemory request was completed. (0x12B)
[1203/185741.022:ERROR:process_memory_win.cc(73)] ReadMemory at 0x1ad07605c00 of 132 bytes failed: Only part of a ReadProcessMemory or WriteProcessMemory request was completed. (0x12B)
[1203/185741.022:ERROR:process_memory_win.cc(73)] ReadMemory at 0x1ad07605dc0 of 126 bytes failed: Only part of a ReadProcessMemory or WriteProcessMemory request was completed. (0x12B)
[1203/185741.022:ERROR:process_memory_win.cc(73)] ReadMemory at 0x1ad076061a0 of 132 bytes failed: Only part of a ReadProcessMemory or WriteProcessMemory request was completed. (0x12B)
[1203/185741.023:ERROR:process_memory_win.cc(73)] ReadMemory at 0x1ad07606330 of 64 bytes failed: Only part of a ReadProcessMemory or WriteProcessMemory request was completed. (0x12B)
[1203/185741.023:ERROR:process_memory_win.cc(73)] ReadMemory at 0x1ad07606380 of 132 bytes failed: Only part of a ReadProcessMemory or WriteProcessMemory request was completed. (0x12B)
[1203/185741.023:ERROR:process_memory_win.cc(73)] ReadMemory at 0x1ad076064f0 of 132 bytes failed: Only part of a ReadProcessMemory or WriteProcessMemory request was completed. (0x12B)
[1203/185741.023:ERROR:process_memory_win.cc(73)] ReadMemory at 0x1ad07606790 of 132 bytes failed: Only part of a ReadProcessMemory or WriteProcessMemory request was completed. (0x12B)
[1203/185741.023:ERROR:process_memory_win.cc(73)] ReadMemory at 0x1ad07606920 of 68 bytes failed: Only part of a ReadProcessMemory or WriteProcessMemory request was completed. (0x12B)
[1203/185741.023:ERROR:process_memory_win.cc(73)] ReadMemory at 0x1ad07607810 of 158 bytes failed: Only part of a ReadProcessMemory or WriteProcessMemory request was completed. (0x12B)
[1203/185741.023:ERROR:process_memory_win.cc(73)] ReadMemory at 0x1ad076078f0 of 132 bytes failed: Only part of a ReadProcessMemory or WriteProcessMemory request was completed. (0x12B)
[1203/185741.024:ERROR:process_memory_win.cc(73)] ReadMemory at 0x1ad07607a80 of 154 bytes failed: Only part of a ReadProcessMemory or WriteProcessMemory request was completed. (0x12B)
[1203/185741.024:ERROR:process_memory_win.cc(73)] ReadMemory at 0x1ad076085b0 of 132 bytes failed: Only part of a ReadProcessMemory or WriteProcessMemory request was completed. (0x12B)
[1203/185741.024:ERROR:process_memory_win.cc(73)] ReadMemory at 0x1ad07608890 of 62 bytes failed: Only part of a ReadProcessMemory or WriteProcessMemory request was completed. (0x12B)
[1203/185741.024:ERROR:process_memory_win.cc(73)] ReadMemory at 0x1ad076089f0 of 132 bytes failed: Only part of a ReadProcessMemory or WriteProcessMemory request was completed. (0x12B)
[1203/185741.024:ERROR:process_memory_win.cc(73)] ReadMemory at 0x1ad07608b80 of 60 bytes failed: Only part of a ReadProcessMemory or WriteProcessMemory request was completed. (0x12B)
[1203/185741.024:ERROR:process_memory_win.cc(73)] ReadMemory at 0x1ad0760d2e0 of 132 bytes failed: Only part of a ReadProcessMemory or WriteProcessMemory request was completed. (0x12B)
[1203/185741.024:ERROR:process_memory_win.cc(73)] ReadMemory at 0x1ad0760d470 of 80 bytes failed: Only part of a ReadProcessMemory or WriteProcessMemory request was completed. (0x12B)
[1203/185741.025:ERROR:process_memory_win.cc(73)] ReadMemory at 0x1ad0760d640 of 132 bytes failed: Only part of a ReadProcessMemory or WriteProcessMemory request was completed. (0x12B)
[1203/185741.025:ERROR:process_memory_win.cc(73)] ReadMemory at 0x1ad0760dee0 of 64 bytes failed: Only part of a ReadProcessMemory or WriteProcessMemory request was completed. (0x12B)
[1203/185741.025:ERROR:process_memory_win.cc(73)] ReadMemory at 0x1ad0760df80 of 62 bytes failed: Only part of a ReadProcessMemory or WriteProcessMemory request was completed. (0x12B)
[1203/185741.025:ERROR:process_memory_win.cc(73)] ReadMemory at 0x1ad0760e1b0 of 64 bytes failed: Only part of a ReadProcessMemory or WriteProcessMemory request was completed. (0x12B)
[1203/185741.025:ERROR:process_memory_win.cc(73)] ReadMemory at 0x1ad0760e200 of 66 bytes failed: Only part of a ReadProcessMemory or WriteProcessMemory request was completed. (0x12B)
[1203/185741.025:ERROR:process_memory_win.cc(73)] ReadMemory at 0x1ad0760e250 of 62 bytes failed: Only part of a ReadProcessMemory or WriteProcessMemory request was completed. (0x12B)
[1203/185741.025:ERROR:process_memory_win.cc(73)] ReadMemory at 0x1ad0760e2a0 of 60 bytes failed: Only part of a ReadProcessMemory or WriteProcessMemory request was completed. (0x12B)
[1203/185741.025:ERROR:process_memory_win.cc(73)] ReadMemory at 0x1ad0760e2f0 of 64 bytes failed: Only part of a ReadProcessMemory or WriteProcessMemory request was completed. (0x12B)
[1203/185741.026:ERROR:process_memory_win.cc(73)] ReadMemory at 0x1ad0760e390 of 60 bytes failed: Only part of a ReadProcessMemory or WriteProcessMemory request was completed. (0x12B)
[1203/185741.026:ERROR:process_memory_win.cc(73)] ReadMemory at 0x1ad0760e4d0 of 64 bytes failed: Only part of a ReadProcessMemory or WriteProcessMemory request was completed. (0x12B)
[1203/185741.026:ERROR:process_memory_win.cc(73)] ReadMemory at 0x1ad0760e600 of 58 bytes failed: Only part of a ReadProcessMemory or WriteProcessMemory request was completed. (0x12B)
[1203/185741.026:ERROR:process_memory_win.cc(73)] ReadMemory at 0x1ad0760e6a0 of 64 bytes failed: Only part of a ReadProcessMemory or WriteProcessMemory request was completed. (0x12B)
[1203/185741.026:ERROR:process_memory_win.cc(73)] ReadMemory at 0x1ad0760e6f0 of 60 bytes failed: Only part of a ReadProcessMemory or WriteProcessMemory request was completed. (0x12B)
[1203/185741.026:ERROR:process_memory_win.cc(73)] ReadMemory at 0x1ad0760e740 of 62 bytes failed: Only part of a ReadProcessMemory or WriteProcessMemory request was completed. (0x12B)
[1203/185741.027:ERROR:process_memory_win.cc(73)] ReadMemory at 0x1ad0760e790 of 62 bytes failed: Only part of a ReadProcessMemory or WriteProcessMemory request was completed. (0x12B)
[1203/185741.027:ERROR:process_memory_win.cc(73)] ReadMemory at 0x1ad0760e9c0 of 66 bytes failed: Only part of a ReadProcessMemory or WriteProcessMemory request was completed. (0x12B)
[1203/185741.027:ERROR:process_memory_win.cc(73)] ReadMemory at 0x1ad0760eba0 of 62 bytes failed: Only part of a ReadProcessMemory or WriteProcessMemory request was completed. (0x12B)
[1203/185741.027:ERROR:process_memory_win.cc(73)] ReadMemory at 0x1ad0760ec90 of 60 bytes failed: Only part of a ReadProcessMemory or WriteProcessMemory request was completed. (0x12B)
[1203/185741.027:ERROR:process_memory_win.cc(73)] ReadMemory at 0x1ad0760ece0 of 60 bytes failed: Only part of a ReadProcessMemory or WriteProcessMemory request was completed. (0x12B)
[1203/185741.027:ERROR:process_memory_win.cc(73)] ReadMemory at 0x1ad0760edd0 of 64 bytes failed: Only part of a ReadProcessMemory or WriteProcessMemory request was completed. (0x12B)
[1203/185741.027:ERROR:process_memory_win.cc(73)] ReadMemory at 0x1ad0760ee20 of 60 bytes failed: Only part of a ReadProcessMemory or WriteProcessMemory request was completed. (0x12B)
[1203/185741.028:ERROR:process_memory_win.cc(73)] ReadMemory at 0x1ad0760efb0 of 62 bytes failed: Only part of a ReadProcessMemory or WriteProcessMemory request was completed. (0x12B)
[1203/185741.028:ERROR:process_memory_win.cc(73)] ReadMemory at 0x1ad0760f0a0 of 64 bytes failed: Only part of a ReadProcessMemory or WriteProcessMemory request was completed. (0x12B)
[1203/185741.028:ERROR:process_memory_win.cc(73)] ReadMemory at 0x1ad0760f190 of 64 bytes failed: Only part of a ReadProcessMemory or WriteProcessMemory request was completed. (0x12B)
[1203/185741.028:ERROR:process_memory_win.cc(73)] ReadMemory at 0x1ad0760f2d0 of 62 bytes failed: Only part of a ReadProcessMemory or WriteProcessMemory request was completed. (0x12B)
[1203/185741.028:ERROR:process_memory_win.cc(73)] ReadMemory at 0x1ad0760f370 of 62 bytes failed: Only part of a ReadProcessMemory or WriteProcessMemory request was completed. (0x12B)
[1203/185741.028:ERROR:process_memory_win.cc(73)] ReadMemory at 0x1ad0760f410 of 62 bytes failed: Only part of a ReadProcessMemory or WriteProcessMemory request was completed. (0x12B)
[1203/185741.028:ERROR:process_memory_win.cc(73)] ReadMemory at 0x1ad0760f550 of 62 bytes failed: Only part of a ReadProcessMemory or WriteProcessMemory request was completed. (0x12B)
[1203/185741.029:ERROR:process_memory_win.cc(73)] ReadMemory at 0x1ad076114c0 of 132 bytes failed: Only part of a ReadProcessMemory or WriteProcessMemory request was completed. (0x12B)
[1203/185741.029:ERROR:process_memory_win.cc(73)] ReadMemory at 0x1ad07611570 of 512 bytes failed: Only part of a ReadProcessMemory or WriteProcessMemory request was completed. (0x12B)
[1203/185741.029:ERROR:process_memory_win.cc(73)] ReadMemory at 0x1ad07611870 of 132 bytes failed: Only part of a ReadProcessMemory or WriteProcessMemory request was completed. (0x12B)
[1203/185741.029:ERROR:process_memory_win.cc(73)] ReadMemory at 0x1ad07613b20 of 54 bytes failed: Only part of a ReadProcessMemory or WriteProcessMemory request was completed. (0x12B)
[1203/185741.029:ERROR:process_memory_win.cc(73)] ReadMemory at 0x1ad07613c70 of 132 bytes failed: Only part of a ReadProcessMemory or WriteProcessMemory request was completed. (0x12B)
[1203/185741.029:ERROR:process_memory_win.cc(73)] ReadMemory at 0x1ad07613da0 of 132 bytes failed: Only part of a ReadProcessMemory or WriteProcessMemory request was completed. (0x12B)
[1203/185741.029:ERROR:process_memory_win.cc(73)] ReadMemory at 0x1ad07613ed0 of 132 bytes failed: Only part of a ReadProcessMemory or WriteProcessMemory request was completed. (0x12B)
[1203/185741.030:ERROR:process_memory_win.cc(73)] ReadMemory at 0x1ad07614000 of 132 bytes failed: Only part of a ReadProcessMemory or WriteProcessMemory request was completed. (0x12B)
[1203/185741.030:ERROR:process_memory_win.cc(73)] ReadMemory at 0x1ad07614130 of 132 bytes failed: Only part of a ReadProcessMemory or WriteProcessMemory request was completed. (0x12B)
[1203/185741.030:ERROR:process_memory_win.cc(73)] ReadMemory at 0x1ad07614260 of 132 bytes failed: Only part of a ReadProcessMemory or WriteProcessMemory request was completed. (0x12B)
[1203/185741.030:ERROR:process_memory_win.cc(73)] ReadMemory at 0x1ad07614390 of 132 bytes failed: Only part of a ReadProcessMemory or WriteProcessMemory request was completed. (0x12B)
[1203/185741.030:ERROR:process_memory_win.cc(73)] ReadMemory at 0x1ad076144c0 of 132 bytes failed: Only part of a ReadProcessMemory or WriteProcessMemory request was completed. (0x12B)
[1203/185741.030:ERROR:process_memory_win.cc(73)] ReadMemory at 0x1ad07614720 of 132 bytes failed: Only part of a ReadProcessMemory or WriteProcessMemory request was completed. (0x12B)
[1203/185741.031:ERROR:process_memory_win.cc(73)] ReadMemory at 0x1ad07614850 of 132 bytes failed: Only part of a ReadProcessMemory or WriteProcessMemory request was completed. (0x12B)
[1203/185741.031:ERROR:process_memory_win.cc(73)] ReadMemory at 0x1ad07614980 of 132 bytes failed: Only part of a ReadProcessMemory or WriteProcessMemory request was completed. (0x12B)
[1203/185741.031:ERROR:process_memory_win.cc(73)] ReadMemory at 0x1ad07614ab0 of 132 bytes failed: Only part of a ReadProcessMemory or WriteProcessMemory request was completed. (0x12B)
[1203/185741.031:ERROR:process_memory_win.cc(73)] ReadMemory at 0x1ad07615920 of 132 bytes failed: Only part of a ReadProcessMemory or WriteProcessMemory request was completed. (0x12B)
[1203/185741.031:ERROR:process_memory_win.cc(73)] ReadMemory at 0x1ad076180d0 of 132 bytes failed: Only part of a ReadProcessMemory or WriteProcessMemory request was completed. (0x12B)
[1203/185741.031:ERROR:process_memory_win.cc(73)] ReadMemory at 0x1ad07618340 of 132 bytes failed: Only part of a ReadProcessMemory or WriteProcessMemory request was completed. (0x12B)
[1203/185741.032:ERROR:process_memory_win.cc(73)] ReadMemory at 0x1ad07618550 of 132 bytes failed: Only part of a ReadProcessMemory or WriteProcessMemory request was completed. (0x12B)
[1203/185741.032:ERROR:process_memory_win.cc(73)] ReadMemory at 0x1ad0761a7b0 of 76 bytes failed: Only part of a ReadProcessMemory or WriteProcessMemory request was completed. (0x12B)
[1203/185741.032:ERROR:process_memory_win.cc(73)] ReadMemory at 0x1ad0761b220 of 132 bytes failed: Only part of a ReadProcessMemory or WriteProcessMemory request was completed. (0x12B)
[1203/185741.032:ERROR:process_memory_win.cc(73)] ReadMemory at 0x1ad0761b480 of 132 bytes failed: Only part of a ReadProcessMemory or WriteProcessMemory request was completed. (0x12B)
[1203/185741.032:ERROR:process_memory_win.cc(73)] ReadMemory at 0x1ad0761b5b0 of 132 bytes failed: Only part of a ReadProcessMemory or WriteProcessMemory request was completed. (0x12B)
[1203/185741.032:ERROR:process_memory_win.cc(73)] ReadMemory at 0x1ad0761b6e0 of 132 bytes failed: Only part of a ReadProcessMemory or WriteProcessMemory request was completed. (0x12B)
[1203/185741.032:ERROR:process_memory_win.cc(73)] ReadMemory at 0x1ad0761b810 of 132 bytes failed: Only part of a ReadProcessMemory or WriteProcessMemory request was completed. (0x12B)
[1203/185741.033:ERROR:process_memory_win.cc(73)] ReadMemory at 0x1ad0761b940 of 132 bytes failed: Only part of a ReadProcessMemory or WriteProcessMemory request was completed. (0x12B)
[1203/185741.033:ERROR:process_memory_win.cc(73)] ReadMemory at 0x1ad0761ba70 of 132 bytes failed: Only part of a ReadProcessMemory or WriteProcessMemory request was completed. (0x12B)
[1203/185741.033:ERROR:process_memory_win.cc(73)] ReadMemory at 0x1ad0761c060 of 132 bytes failed: Only part of a ReadProcessMemory or WriteProcessMemory request was completed. (0x12B)
[1203/185741.033:ERROR:process_memory_win.cc(73)] ReadMemory at 0x1ad0761cea0 of 132 bytes failed: Only part of a ReadProcessMemory or WriteProcessMemory request was completed. (0x12B)
[1203/185741.033:ERROR:process_memory_win.cc(73)] ReadMemory at 0x1ad07633fe0 of 512 bytes failed: Only part of a ReadProcessMemory or WriteProcessMemory request was completed. (0x12B)
[1203/185741.033:ERROR:process_memory_win.cc(73)] ReadMemory at 0x1ad07918e00 of 515 bytes failed: Only part of a ReadProcessMemory or WriteProcessMemory request was completed. (0x12B)
[1203/185741.033:ERROR:process_memory_win.cc(73)] ReadMemory at 0x1ad07926aa8 of 512 bytes failed: Only part of a ReadProcessMemory or WriteProcessMemory request was completed. (0x12B)
[1203/185741.034:ERROR:process_memory_win.cc(73)] ReadMemory at 0x1ad07932bc0 of 560 bytes failed: Only part of a ReadProcessMemory or WriteProcessMemory request was completed. (0x12B)
[1203/185741.034:ERROR:process_memory_win.cc(73)] ReadMemory at 0x1ad0793a680 of 712 bytes failed: Only part of a ReadProcessMemory or WriteProcessMemory request was completed. (0x12B)
[1203/185741.034:ERROR:process_memory_win.cc(73)] ReadMemory at 0x1ad096fc650 of 512 bytes failed: Only part of a ReadProcessMemory or WriteProcessMemory request was completed. (0x12B)
[1203/185741.034:ERROR:process_memory_win.cc(73)] ReadMemory at 0x1ad0972f008 of 512 bytes failed: Only part of a ReadProcessMemory or WriteProcessMemory request was completed. (0x12B)
[1203/185741.034:ERROR:process_memory_win.cc(73)] ReadMemory at 0x1ad09730568 of 512 bytes failed: Only part of a ReadProcessMemory or WriteProcessMemory request was completed. (0x12B)
[1203/185741.034:ERROR:process_memory_win.cc(73)] ReadMemory at 0x1ad0a0944e0 of 512 bytes failed: Only part of a ReadProcessMemory or WriteProcessMemory request was completed. (0x12B)
[1203/185741.034:ERROR:process_memory_win.cc(73)] ReadMemory at 0x1ad0a1e1b60 of 512 bytes failed: Only part of a ReadProcessMemory or WriteProcessMemory request was completed. (0x12B)
[1203/185741.035:ERROR:process_memory_win.cc(73)] ReadMemory at 0x1ad0cdb5803 of 589 bytes failed: Only part of a ReadProcessMemory or WriteProcessMemory request was completed. (0x12B)
[1203/185741.035:ERROR:process_memory_win.cc(73)] ReadMemory at 0x1ad117448d0 of 512 bytes failed: Only part of a ReadProcessMemory or WriteProcessMemory request was completed. (0x12B)
[1203/185741.042:ERROR:scoped_process_suspend.cc(40)] NtResumeProcess: An attempt was made to access an exiting process. (0xc000010a)
